2025-02-06 11:08:29,519 - INFO - Retrieving pending reports
2025-02-06 11:09:21,853 - INFO - Retrieving pending reports
2025-02-06 11:09:23,961 - INFO - Processing report ID 9 with site_id 1 and duration 7 Days
2025-02-06 11:09:35,477 - ERROR - An error occurred while fetching pending reports: 'PowerData' object has no attribute 'session_factory'
2025-02-06 11:10:24,859 - INFO - Retrieving pending reports
2025-02-06 11:10:26,925 - INFO - Processing report ID 9 with site_id 1 and duration 7 Days
2025-02-06 11:10:38,825 - ERROR - An error occurred while fetching pending reports: type object 'Device' has no attribute 'vendor_id'
2025-02-06 11:12:56,177 - INFO - Retrieving pending reports
2025-02-06 11:12:56,186 - ERROR - An error occurred while fetching pending reports: Could not determine join condition between parent/child tables on relationship DeviceInventory.apic_controller - there are no foreign keys linking these tables.  Ensure that referencing columns are associated with a ForeignKey or ForeignKeyConstraint, or specify a 'primaryjoin' expression.
2025-02-06 11:13:27,969 - INFO - Retrieving pending reports
2025-02-06 11:13:30,077 - INFO - Processing report ID 9 with site_id 1 and duration 7 Days
2025-02-06 11:13:55,096 - INFO - Retrieving pending reports
2025-02-06 11:13:57,229 - INFO - Processing report ID 9 with site_id 1 and duration 7 Days
2025-02-06 11:35:42,841 - INFO - Retrieving pending reports
2025-02-06 11:35:44,936 - INFO - Processing report ID 9 with site_id 1 and duration 7 Days
2025-02-06 11:50:34,199 - INFO - Retrieving pending reports
2025-02-06 11:50:36,580 - INFO - Processing report ID 9 with site_id 1 and duration 7 Days
2025-02-06 11:50:37,130 - ERROR - An error occurred while fetching pending reports: tuple index out of range
2025-02-06 11:56:43,462 - INFO - Retrieving pending reports
2025-02-06 11:56:45,552 - INFO - Processing report ID 9 with site_id 1 and duration 7 Days
2025-02-06 11:56:46,044 - ERROR - An error occurred while fetching pending reports: tuple index out of range
2025-02-06 12:00:57,662 - INFO - Retrieving pending reports
2025-02-06 12:00:59,718 - INFO - Processing report ID 9 with site_id 1 and duration 7 Days
2025-02-06 12:01:00,212 - ERROR - An error occurred while fetching pending reports: tuple index out of range
2025-02-06 12:01:57,752 - INFO - Retrieving pending reports
2025-02-06 12:01:59,898 - INFO - Processing report ID 9 with site_id 1 and duration 7 Days
2025-02-06 12:02:00,267 - ERROR - An error occurred while fetching pending reports: tuple index out of range
2025-02-06 12:02:20,435 - INFO - Retrieving pending reports
2025-02-06 12:02:22,535 - INFO - Processing report ID 9 with site_id 1 and duration 7 Days
2025-02-06 12:05:12,483 - INFO - Retrieving pending reports
2025-02-06 12:13:49,390 - INFO - Retrieving pending reports
2025-02-06 12:13:51,656 - INFO - Processing report ID 9 with site_id 1 and duration 7 Days
2025-02-06 12:13:52,490 - ERROR - An error occurred while fetching pending reports: 'utf-8' codec can't encode characters in position 0-1: surrogates not allowed
2025-02-06 12:16:01,149 - INFO - Retrieving pending reports
2025-02-06 12:16:03,469 - INFO - Processing report ID 9 with site_id 1 and duration 7 Days
2025-02-06 12:16:03,470 - ERROR - An error occurred while fetching pending reports: 'PowerReport' object has no attribute 'generate_report'
2025-02-06 12:16:42,957 - INFO - Retrieving pending reports
2025-02-06 12:16:45,237 - INFO - Processing report ID 9 with site_id 1 and duration 7 Days
2025-02-06 12:18:35,605 - INFO - Retrieving pending reports
2025-02-06 12:18:37,824 - INFO - Processing report ID 9 with site_id 1 and duration 7 Days
2025-02-06 12:18:55,189 - INFO - Retrieving pending reports
2025-02-06 12:18:57,444 - INFO - Processing report ID 9 with site_id 1 and duration 7 Days
2025-02-06 12:21:38,124 - INFO - Retrieving pending reports
2025-02-06 12:21:40,318 - INFO - Processing report ID 9 with site_id 1 and duration 7 Days
2025-02-06 12:23:14,654 - INFO - Retrieving pending reports
2025-02-06 12:23:16,970 - INFO - Processing report ID 9 with site_id 1 and duration 7 Days
2025-02-06 12:43:44,465 - INFO - Retrieving pending reports
2025-02-06 12:43:46,699 - INFO - Processing report ID 9 with site_id 1 and duration 7 Days
2025-02-06 12:46:10,202 - INFO - Retrieving pending reports
2025-02-06 12:46:12,462 - INFO - Processing report ID 9 with site_id 1 and duration 7 Days
2025-02-06 12:46:55,474 - INFO - Retrieving pending reports
2025-02-06 12:46:57,705 - INFO - Processing report ID 9 with site_id 1 and duration 7 Days
2025-02-06 12:49:40,873 - INFO - Retrieving pending reports
2025-02-06 12:49:43,198 - INFO - Processing report ID 9 with site_id 1 and duration 7 Days
2025-02-06 12:52:20,056 - INFO - Retrieving pending reports
2025-02-06 12:52:22,295 - INFO - Processing report ID 9 with site_id 1 and duration 7 Days
2025-02-06 12:54:41,506 - INFO - Retrieving pending reports
2025-02-06 12:54:43,749 - INFO - Processing report ID 9 with site_id 1 and duration 7 Days
2025-02-06 12:55:20,943 - INFO - Retrieving pending reports
2025-02-06 12:55:23,198 - INFO - Processing report ID 9 with site_id 1 and duration 7 Days
2025-02-06 12:56:12,112 - INFO - Retrieving pending reports
2025-02-06 12:56:14,424 - INFO - Processing report ID 9 with site_id 1 and duration 7 Days
2025-02-06 12:57:36,093 - INFO - Retrieving pending reports
2025-02-06 12:57:38,332 - INFO - Processing report ID 9 with site_id 1 and duration 7 Days
2025-02-06 12:59:23,564 - INFO - Retrieving pending reports
2025-02-06 12:59:25,805 - INFO - Processing report ID 9 with site_id 1 and duration 7 Days
2025-02-06 13:00:43,372 - INFO - Retrieving pending reports
2025-02-06 13:00:45,573 - INFO - Processing report ID 9 with site_id 1 and duration 7 Days
2025-02-06 13:02:44,974 - INFO - Retrieving pending reports
2025-02-06 13:02:47,254 - INFO - Processing report ID 9 with site_id 1 and duration 7 Days
2025-02-06 13:03:55,375 - INFO - Retrieving pending reports
2025-02-06 13:03:57,580 - INFO - Processing report ID 9 with site_id 1 and duration 7 Days
2025-02-06 13:08:31,751 - INFO - Retrieving pending reports
2025-02-06 13:08:34,004 - INFO - Processing report ID 9 with site_id 1 and duration 7 Days
2025-02-06 13:10:11,321 - INFO - Retrieving pending reports
2025-02-06 13:10:13,571 - INFO - Processing report ID 9 with site_id 1 and duration 7 Days
2025-02-06 13:11:19,584 - INFO - Retrieving pending reports
2025-02-06 13:11:21,786 - INFO - Processing report ID 9 with site_id 1 and duration 7 Days
2025-02-06 13:23:37,746 - INFO - Retrieving pending reports
2025-02-06 13:23:40,001 - INFO - Processing report ID 9 with site_id 1 and duration 7 Days
2025-02-06 13:23:40,583 - INFO - Average EER: 0.74
2025-02-06 13:23:40,928 - ERROR - An error occurred while fetching pending reports: 'utf-8' codec can't encode characters in position 0-1: surrogates not allowed
2025-02-06 13:23:54,613 - INFO - Retrieving pending reports
2025-02-06 13:23:56,843 - INFO - Processing report ID 9 with site_id 1 and duration 7 Days
2025-02-06 13:23:57,420 - INFO - Average EER: 0.74
2025-02-06 13:27:45,257 - INFO - Retrieving pending reports
2025-02-06 13:27:47,503 - INFO - Processing report ID 9 with site_id 1 and duration 7 Days
2025-02-06 13:27:48,078 - INFO - Average EER: 0.74
2025-02-06 13:28:17,161 - INFO - Retrieving pending reports
2025-02-06 13:28:19,358 - INFO - Processing report ID 9 with site_id 1 and duration 7 Days
2025-02-06 13:28:19,669 - ERROR - An error occurred while fetching pending reports: Wedge sizes 'x' must be non negative values
2025-02-06 13:34:14,796 - INFO - Retrieving pending reports
2025-02-06 13:34:17,025 - INFO - Processing report ID 9 with site_id 1 and duration 7 Days
2025-02-06 13:34:18,281 - INFO - Average EER: 0.74
2025-02-06 13:34:18,642 - ERROR - An error occurred while fetching pending reports: 'utf-8' codec can't encode characters in position 0-1: surrogates not allowed
2025-02-06 13:34:42,320 - INFO - Retrieving pending reports
2025-02-06 13:34:44,519 - INFO - Processing report ID 9 with site_id 1 and duration 7 Days
2025-02-06 13:34:45,289 - INFO - Average EER: 0.74
2025-02-06 13:42:10,813 - INFO - Retrieving pending reports
2025-02-06 13:42:13,024 - INFO - Processing report ID 9 with site_id 1 and duration 7 Days
2025-02-06 13:42:17,145 - INFO - Average EER: 0.74
2025-02-06 13:42:17,506 - ERROR - An error occurred while fetching pending reports: [Errno 13] Permission denied: 'Energy_Report.pdf'
2025-02-06 13:43:26,110 - INFO - Retrieving pending reports
2025-02-06 13:43:28,428 - INFO - Processing report ID 9 with site_id 1 and duration 7 Days
2025-02-06 13:43:32,017 - INFO - Average EER: 0.74
2025-02-06 13:43:32,356 - ERROR - An error occurred while fetching pending reports: [Errno 13] Permission denied: 'Energy_Report.pdf'
2025-02-06 14:01:12,256 - INFO - Retrieving pending reports
2025-02-06 14:01:14,547 - INFO - Processing report ID 9 with site_id 1 and duration 7 Days
2025-02-06 14:02:41,991 - INFO - Average EER: 0.74
2025-02-06 14:02:47,920 - INFO - Retrieving pending reports
2025-02-06 14:02:50,200 - INFO - Processing report ID 9 with site_id 1 and duration 7 Days
2025-02-06 14:03:49,548 - INFO - Average EER: 0.74
2025-02-06 14:03:53,171 - INFO - Retrieving pending reports
2025-02-06 14:03:55,464 - INFO - Processing report ID 9 with site_id 1 and duration 7 Days
2025-02-06 14:03:55,593 - ERROR - An error occurred while fetching pending reports: 'facecolor' or 'color' argument must be a valid color orsequence of colors.
2025-02-06 14:04:12,795 - INFO - Retrieving pending reports
2025-02-06 14:04:15,075 - INFO - Processing report ID 9 with site_id 1 and duration 7 Days
2025-02-06 14:04:49,722 - INFO - Average EER: 0.74
2025-02-06 14:04:53,875 - INFO - Retrieving pending reports
2025-02-06 14:04:56,142 - INFO - Processing report ID 9 with site_id 1 and duration 7 Days
2025-02-06 14:05:00,251 - INFO - Average EER: 0.74
2025-02-06 14:05:30,402 - INFO - Retrieving pending reports
2025-02-06 14:05:32,697 - INFO - Processing report ID 9 with site_id 1 and duration 7 Days
2025-02-06 14:05:48,719 - INFO - Average EER: 0.74
2025-02-06 14:05:52,637 - INFO - Retrieving pending reports
2025-02-06 14:05:54,836 - INFO - Processing report ID 9 with site_id 1 and duration 7 Days
2025-02-06 14:05:59,281 - INFO - Average EER: 0.74
2025-02-06 14:07:50,547 - INFO - Retrieving pending reports
2025-02-06 14:07:52,759 - INFO - Processing report ID 9 with site_id 1 and duration 7 Days
2025-02-06 14:08:27,615 - INFO - Average EER: 0.74
2025-02-06 14:08:31,303 - INFO - Retrieving pending reports
2025-02-06 14:08:33,585 - INFO - Processing report ID 9 with site_id 1 and duration 7 Days
2025-02-06 14:08:33,713 - ERROR - An error occurred while fetching pending reports: weight='' is invalid
2025-02-06 14:08:50,192 - INFO - Retrieving pending reports
2025-02-06 14:08:52,452 - INFO - Processing report ID 9 with site_id 1 and duration 7 Days
2025-02-06 14:16:22,295 - INFO - Average EER: 0.74
2025-02-06 14:38:53,326 - INFO - Retrieving pending reports
2025-02-06 14:38:55,587 - INFO - Processing report ID 9 with site_id 1 and duration 7 Days
2025-02-06 14:39:20,558 - INFO - Average EER: 0.74
2025-02-06 14:39:24,060 - INFO - Retrieving pending reports
2025-02-06 14:39:27,654 - INFO - Processing report ID 9 with site_id 1 and duration 7 Days
2025-02-06 14:42:13,180 - INFO - Average EER: 0.74
2025-02-06 14:42:18,673 - INFO - Retrieving pending reports
2025-02-06 14:42:21,261 - INFO - Processing report ID 9 with site_id 1 and duration 7 Days
2025-02-06 14:45:07,905 - INFO - Average EER: 0.74
2025-02-06 14:49:46,401 - INFO - Retrieving pending reports
2025-02-06 14:49:49,284 - INFO - Processing report ID 9 with site_id 1 and duration 7 Days
2025-02-06 14:49:49,289 - ERROR - An error occurred while fetching pending reports: 'PowerReport' object has no attribute 'generate_pie_charts'
2025-02-06 14:52:44,704 - INFO - Retrieving pending reports
2025-02-06 14:52:47,516 - INFO - Processing report ID 9 with site_id 1 and duration 7 Days
2025-02-06 14:52:47,532 - ERROR - An error occurred while fetching pending reports: 'PowerReport' object has no attribute 'generate_pie_charts'
2025-02-06 14:56:30,436 - INFO - Retrieving pending reports
2025-02-06 14:56:33,410 - INFO - Processing report ID 9 with site_id 1 and duration 7 Days
2025-02-06 14:56:34,126 - ERROR - An error occurred while fetching pending reports: 'PowerReport' object has no attribute 'generate_eer_graph'
2025-02-06 14:59:31,231 - INFO - Retrieving pending reports
2025-02-06 14:59:34,141 - INFO - Processing report ID 9 with site_id 1 and duration 7 Days
2025-02-06 14:59:34,713 - INFO - Average EER: 0.74
2025-02-06 14:59:35,224 - ERROR - An error occurred while fetching pending reports: [Errno 13] Permission denied: 'Energy_Report.pdf'
2025-02-06 14:59:44,690 - INFO - Retrieving pending reports
2025-02-06 14:59:47,554 - INFO - Processing report ID 9 with site_id 1 and duration 7 Days
2025-02-06 14:59:47,978 - INFO - Average EER: 0.74
2025-02-06 15:00:39,067 - INFO - Retrieving pending reports
2025-02-06 15:00:41,830 - INFO - Processing report ID 9 with site_id 1 and duration 7 Days
2025-02-06 15:01:22,932 - INFO - Average EER: 0.74
2025-02-06 15:01:26,919 - INFO - Retrieving pending reports
2025-02-06 15:01:29,871 - INFO - Processing report ID 9 with site_id 1 and duration 7 Days
2025-02-06 15:01:30,132 - ERROR - An error occurred while fetching pending reports: name 'color' is not defined
2025-02-06 15:01:55,394 - INFO - Retrieving pending reports
2025-02-06 15:01:58,232 - INFO - Processing report ID 9 with site_id 1 and duration 7 Days
2025-02-06 15:03:17,316 - INFO - Average EER: 0.74
2025-02-06 15:03:21,549 - INFO - Retrieving pending reports
2025-02-06 15:03:24,352 - INFO - Processing report ID 9 with site_id 1 and duration 7 Days
2025-02-06 15:03:51,762 - INFO - Average EER: 0.74
2025-02-06 15:03:57,024 - INFO - Retrieving pending reports
2025-02-06 15:03:59,795 - INFO - Processing report ID 9 with site_id 1 and duration 7 Days
2025-02-06 15:04:06,363 - INFO - Average EER: 0.74
2025-02-06 15:04:20,590 - INFO - Retrieving pending reports
2025-02-06 15:04:23,335 - INFO - Processing report ID 9 with site_id 1 and duration 7 Days
2025-02-06 15:04:40,735 - INFO - Average EER: 0.74
2025-02-06 15:04:44,941 - INFO - Retrieving pending reports
2025-02-06 15:04:47,703 - INFO - Processing report ID 9 with site_id 1 and duration 7 Days
2025-02-06 15:05:20,365 - INFO - Average EER: 0.74
2025-02-06 15:05:24,486 - INFO - Retrieving pending reports
2025-02-06 15:05:27,332 - INFO - Processing report ID 9 with site_id 1 and duration 7 Days
2025-02-06 15:06:00,512 - INFO - Average EER: 0.74
2025-02-06 15:06:05,725 - INFO - Retrieving pending reports
2025-02-06 15:06:08,595 - INFO - Processing report ID 9 with site_id 1 and duration 7 Days
2025-02-06 15:06:08,790 - ERROR - An error occurred while fetching pending reports: 'top' is not a valid value for align; supported values are 'center', 'right', 'left'
2025-02-06 15:07:13,535 - INFO - Retrieving pending reports
2025-02-06 15:07:16,499 - INFO - Processing report ID 9 with site_id 1 and duration 7 Days
2025-02-06 15:09:17,431 - INFO - Retrieving pending reports
2025-02-06 15:09:19,687 - INFO - Processing report ID 9 with site_id 1 and duration 7 Days
2025-02-06 15:09:43,392 - INFO - Average EER: 0.74
2025-02-06 15:09:48,248 - INFO - Retrieving pending reports
2025-02-06 15:09:50,529 - INFO - Processing report ID 9 with site_id 1 and duration 7 Days
2025-02-06 15:10:03,578 - INFO - Average EER: 0.74
2025-02-06 15:10:07,205 - INFO - Retrieving pending reports
2025-02-06 15:10:09,511 - INFO - Processing report ID 9 with site_id 1 and duration 7 Days
2025-02-06 15:10:20,817 - INFO - Average EER: 0.74
2025-02-06 15:10:34,750 - INFO - Retrieving pending reports
2025-02-06 15:10:37,053 - INFO - Processing report ID 9 with site_id 1 and duration 7 Days
2025-02-06 15:10:43,465 - INFO - Average EER: 0.74
2025-02-06 15:10:54,110 - INFO - Retrieving pending reports
2025-02-06 15:10:56,428 - INFO - Processing report ID 9 with site_id 1 and duration 7 Days
2025-02-06 15:11:06,021 - INFO - Average EER: 0.74
2025-02-06 15:11:09,539 - INFO - Retrieving pending reports
2025-02-06 15:11:11,829 - INFO - Processing report ID 9 with site_id 1 and duration 7 Days
2025-02-06 15:11:29,100 - INFO - Average EER: 0.74
2025-02-06 15:11:38,579 - INFO - Retrieving pending reports
2025-02-06 15:11:40,829 - INFO - Processing report ID 9 with site_id 1 and duration 7 Days
2025-02-06 15:11:45,967 - INFO - Average EER: 0.74
2025-02-06 15:11:52,465 - INFO - Retrieving pending reports
2025-02-06 15:11:54,729 - INFO - Processing report ID 9 with site_id 1 and duration 7 Days
2025-02-06 16:35:14,055 - INFO - Retrieving pending reports
2025-02-06 16:35:16,820 - INFO - Processing report ID 9 with site_id 1 and duration 7 Days
2025-02-06 16:35:22,228 - INFO - Average EER: 0.74
2025-02-06 16:41:15,209 - INFO - Retrieving pending reports
2025-02-06 16:41:18,608 - INFO - Processing report ID 9 with site_id 1 and duration 7 Days
2025-02-06 16:41:19,927 - INFO - Average EER: 0.74
2025-02-06 16:42:28,204 - INFO - Retrieving pending reports
2025-02-06 16:42:31,030 - INFO - Processing report ID 9 with site_id 1 and duration 7 Days
2025-02-06 16:42:32,127 - INFO - Average EER: 0.74
2025-02-06 16:44:02,008 - INFO - Retrieving pending reports
2025-02-06 16:44:04,911 - INFO - Processing report ID 9 with site_id 1 and duration 7 Days
2025-02-06 16:44:06,278 - INFO - Average EER: 0.74
2025-02-06 16:44:55,336 - INFO - Retrieving pending reports
2025-02-06 16:44:58,168 - INFO - Processing report ID 9 with site_id 1 and duration 7 Days
2025-02-06 16:44:59,536 - INFO - Average EER: 0.74
2025-02-06 16:45:16,570 - INFO - Retrieving pending reports
2025-02-06 16:45:19,867 - INFO - Processing report ID 9 with site_id 1 and duration 7 Days
2025-02-06 16:45:20,958 - INFO - Average EER: 0.74
2025-02-06 23:06:21,548 - INFO - Retrieving pending reports
2025-02-06 23:06:24,225 - INFO - Processing report ID 9 with site_id 1 and duration 7 Days
2025-02-06 23:06:26,111 - INFO - Average EER: 0.74
2025-02-06 23:07:00,437 - INFO - Retrieving pending reports
2025-02-06 23:07:02,898 - INFO - Processing report ID 9 with site_id 1 and duration 7 Days
2025-02-06 23:07:04,176 - INFO - Average EER: 0.74
2025-02-06 23:08:58,061 - INFO - Retrieving pending reports
2025-02-06 23:09:00,331 - INFO - Processing report ID 9 with site_id 1 and duration 7 Days
2025-02-06 23:09:01,366 - INFO - Average EER: 0.74
2025-02-06 23:10:24,369 - INFO - Retrieving pending reports
2025-02-06 23:10:27,276 - INFO - Processing report ID 9 with site_id 1 and duration 7 Days
2025-02-06 23:10:28,401 - INFO - Average EER: 0.74
2025-02-06 23:11:43,559 - INFO - Retrieving pending reports
2025-02-06 23:11:46,467 - INFO - Processing report ID 9 with site_id 1 and duration 7 Days
2025-02-06 23:11:47,845 - INFO - Average EER: 0.74
2025-02-06 23:18:22,838 - INFO - Retrieving pending reports
2025-02-06 23:18:25,725 - INFO - Processing report ID 9 with site_id 1 and duration 7 Days
2025-02-06 23:18:26,909 - INFO - Average EER: 0.74
2025-02-06 23:19:53,355 - INFO - Retrieving pending reports
2025-02-06 23:19:56,225 - INFO - Processing report ID 9 with site_id 1 and duration 7 Days
2025-02-06 23:19:57,628 - INFO - Average EER: 0.74
2025-02-06 23:20:19,008 - INFO - Retrieving pending reports
2025-02-06 23:20:22,784 - INFO - Processing report ID 9 with site_id 1 and duration 7 Days
2025-02-06 23:20:24,193 - INFO - Average EER: 0.74
2025-02-06 23:20:24,793 - ERROR - An error occurred while fetching pending reports: [Errno 13] Permission denied: 'Energy_Report.pdf'
2025-02-06 23:20:29,309 - INFO - Retrieving pending reports
2025-02-06 23:20:32,203 - INFO - Processing report ID 9 with site_id 1 and duration 7 Days
2025-02-06 23:20:33,605 - INFO - Average EER: 0.74
2025-02-06 23:22:03,097 - INFO - Retrieving pending reports
2025-02-06 23:22:05,676 - INFO - Processing report ID 9 with site_id 1 and duration 7 Days
2025-02-06 23:22:06,787 - INFO - Average EER: 0.74
2025-02-06 23:22:41,857 - INFO - Retrieving pending reports
2025-02-06 23:22:44,816 - INFO - Processing report ID 9 with site_id 1 and duration 7 Days
2025-02-06 23:22:45,777 - INFO - Average EER: 0.74
2025-02-06 23:29:52,579 - INFO - Retrieving pending reports
2025-02-06 23:29:55,682 - INFO - Processing report ID 9 with site_id 1 and duration 7 Days
2025-02-06 23:29:57,168 - INFO - Average EER: 0.74
2025-02-06 23:33:13,582 - INFO - Retrieving pending reports
2025-02-06 23:33:16,531 - INFO - Processing report ID 9 with site_id 1 and duration 7 Days
2025-02-06 23:33:19,649 - INFO - Average EER: 0.74
2025-02-06 23:33:19,649 - ERROR - An error occurred while fetching pending reports: name 'header_style' is not defined
2025-02-06 23:34:16,190 - INFO - Retrieving pending reports
2025-02-06 23:34:18,568 - INFO - Processing report ID 9 with site_id 1 and duration 7 Days
2025-02-06 23:34:20,074 - INFO - Average EER: 0.74
2025-02-06 23:43:50,632 - INFO - Retrieving pending reports
2025-02-06 23:43:52,953 - INFO - Processing report ID 9 with site_id 1 and duration 7 Days
2025-02-06 23:43:54,484 - ERROR - An error occurred while fetching pending reports: 
fileName='datacenter_cover.png' identity=[ImageReader@0x255ecc6b100 filename='datacenter_cover.png'] Cannot open resource "datacenter_cover.png"
2025-02-06 23:45:59,754 - INFO - Retrieving pending reports
2025-02-06 23:46:02,613 - INFO - Processing report ID 9 with site_id 1 and duration 7 Days
2025-02-06 23:46:04,164 - ERROR - An error occurred while fetching pending reports: 
fileName='Power Usage Effectiveness.png' identity=[ImageReader@0x1e65969ed10 filename='Power Usage Effectiveness.png'] Cannot open resource "Power Usage Effectiveness.png"
2025-02-06 23:47:15,546 - INFO - Retrieving pending reports
2025-02-06 23:47:17,825 - INFO - Processing report ID 9 with site_id 1 and duration 7 Days
2025-02-06 23:47:24,186 - ERROR - An error occurred while fetching pending reports: 
fileName='Power Usage Effectiveness.png' identity=[ImageReader@0x1b6bcd4be20 filename='Power Usage Effectiveness.png'] Cannot open resource "Power Usage Effectiveness.png"
2025-02-06 23:47:57,455 - INFO - Retrieving pending reports
2025-02-06 23:47:59,730 - INFO - Processing report ID 9 with site_id 1 and duration 7 Days
2025-02-06 23:48:00,269 - ERROR - An error occurred while fetching pending reports: 
fileName='Power Usage Effectiveness.png' identity=[ImageReader@0x298805cb7c0 filename='Power Usage Effectiveness.png'] Cannot open resource "Power Usage Effectiveness.png"
2025-02-06 23:48:44,574 - INFO - Retrieving pending reports
2025-02-06 23:48:47,072 - INFO - Processing report ID 9 with site_id 1 and duration 7 Days
2025-02-06 23:49:55,586 - INFO - Retrieving pending reports
2025-02-06 23:49:57,940 - INFO - Processing report ID 9 with site_id 1 and duration 7 Days
2025-02-06 23:58:09,257 - INFO - Retrieving pending reports
2025-02-06 23:58:11,924 - INFO - Processing report ID 9 with site_id 1 and duration 7 Days
2025-02-06 23:58:11,954 - ERROR - An error occurred while fetching pending reports: CreativeEnergyReport.generate_report() takes 4 positional arguments but 5 were given
2025-02-06 23:58:39,489 - INFO - Retrieving pending reports
2025-02-06 23:58:42,440 - INFO - Processing report ID 9 with site_id 1 and duration 7 Days
2025-02-06 23:58:42,441 - INFO - Generating report for site: SULAY
2025-02-06 23:58:42,446 - INFO - Converted 'time' column to datetime format
2025-02-06 23:58:42,446 - INFO - Generating Power Usage Effectiveness gauge
2025-02-06 23:58:42,448 - INFO - Generating donut chart for Power Usage Effectiveness with value: 0.76125
2025-02-06 23:58:42,798 - INFO - Donut chart for Power Usage Effectiveness saved as Power Usage Effectiveness_donut.png
2025-02-06 23:58:42,798 - INFO - Generating Energy Efficiency Ratio gauge
2025-02-06 23:58:42,800 - INFO - Generating donut chart for Energy Efficiency Ratio with value: 0.74
2025-02-06 23:58:43,028 - INFO - Donut chart for Energy Efficiency Ratio saved as Energy Efficiency Ratio_donut.png
2025-02-06 23:58:43,028 - INFO - Generating EER and PUE graphs
2025-02-06 23:58:44,082 - INFO - Creating card summary table
2025-02-06 23:58:44,083 - INFO - Inserting gauges into PDF
2025-02-06 23:58:44,083 - INFO - Inserting efficiency charts into PDF
2025-02-06 23:58:44,084 - INFO - Average EER: 0.74
2025-02-06 23:58:44,084 - INFO - Saving PDF report
2025-02-06 23:58:44,945 - INFO - Report generated successfully: Creative_Energy_Report.pdf
2025-02-07 00:00:08,070 - INFO - Retrieving pending reports
2025-02-07 00:00:11,020 - INFO - Processing report ID 9 with site_id 1 and duration 7 Days
2025-02-07 00:00:11,020 - INFO - Generating report for site: SULAY
2025-02-07 00:00:11,025 - INFO - Converted 'time' column to datetime format
2025-02-07 00:00:11,026 - INFO - Generating Power Usage Effectiveness gauge
2025-02-07 00:00:11,027 - INFO - Generating donut chart for PUE with value: 0.76125
2025-02-07 00:00:11,373 - INFO - Donut chart for PUE saved as PUE_donut.png
2025-02-07 00:00:11,373 - INFO - Generating Energy Efficiency Ratio gauge
2025-02-07 00:00:11,374 - INFO - Generating donut chart for EER with value: 0.74
2025-02-07 00:00:11,594 - INFO - Donut chart for EER saved as EER_donut.png
2025-02-07 00:00:11,594 - INFO - Generating EER and PUE graphs
2025-02-07 00:00:13,280 - INFO - Creating card summary table
2025-02-07 00:00:13,280 - INFO - Inserting gauges into PDF
2025-02-07 00:00:13,280 - INFO - Inserting efficiency charts into PDF
2025-02-07 00:00:13,282 - INFO - Average EER: 0.74
2025-02-07 00:00:13,282 - INFO - Saving PDF report
2025-02-07 00:00:14,060 - INFO - Report generated successfully: Creative_Energy_Report.pdf
2025-02-07 01:13:44,905 - INFO - Retrieving pending reports
2025-02-07 01:13:47,180 - INFO - Processing report ID 9 with site_id 1 and duration 7 Days
2025-02-07 01:13:49,493 - ERROR - An error occurred while fetching pending reports: 
fileName='datacenter_cover.png' identity=[ImageReader@0x217d522b280 filename='datacenter_cover.png'] Cannot open resource "datacenter_cover.png"
2025-02-07 01:14:17,438 - INFO - Retrieving pending reports
2025-02-07 01:14:19,675 - INFO - Processing report ID 9 with site_id 1 and duration 7 Days
2025-02-07 01:14:20,502 - ERROR - An error occurred while fetching pending reports: 
fileName='Power Usage Effectiveness.png' identity=[ImageReader@0x21b7c29ad10 filename='Power Usage Effectiveness.png'] Cannot open resource "Power Usage Effectiveness.png"
2025-02-07 01:22:49,652 - INFO - Retrieving pending reports
2025-02-07 01:22:51,956 - INFO - Processing report ID 9 with site_id 1 and duration 7 Days
2025-02-07 01:22:52,724 - ERROR - An error occurred while fetching pending reports: 
fileName='Power Usage Effectiveness.png' identity=[ImageReader@0x2b39a7e76d0 filename='Power Usage Effectiveness.png'] Cannot open resource "Power Usage Effectiveness.png"
2025-02-07 01:39:29,336 - INFO - Retrieving pending reports
2025-02-07 01:39:31,679 - INFO - Processing report ID 9 with site_id 1 and duration 7 Days
2025-02-07 01:39:32,498 - ERROR - An error occurred while fetching pending reports: 
fileName='Power Usage Effectiveness.png' identity=[ImageReader@0x1b8c3b976d0 filename='Power Usage Effectiveness.png'] Cannot open resource "Power Usage Effectiveness.png"
2025-02-07 01:40:40,919 - INFO - Retrieving pending reports
2025-02-07 01:40:43,265 - INFO - Processing report ID 9 with site_id 1 and duration 7 Days
2025-02-07 01:44:27,921 - INFO - Retrieving pending reports
2025-02-07 01:44:30,180 - INFO - Processing report ID 9 with site_id 1 and duration 7 Days
2025-02-07 01:49:02,884 - INFO - Retrieving pending reports
2025-02-07 01:49:05,144 - INFO - Processing report ID 9 with site_id 1 and duration 7 Days
2025-02-07 01:49:05,906 - ERROR - An error occurred while fetching pending reports: invalid literal for int() with base 16: '#9cc993'
2025-02-07 01:49:16,086 - INFO - Retrieving pending reports
2025-02-07 01:49:18,353 - INFO - Processing report ID 9 with site_id 1 and duration 7 Days
2025-02-07 01:49:19,117 - ERROR - An error occurred while fetching pending reports: invalid literal for int() with base 16: '#9cc993'
2025-02-07 01:49:40,659 - INFO - Retrieving pending reports
2025-02-07 01:49:43,030 - INFO - Processing report ID 9 with site_id 1 and duration 7 Days
2025-02-07 01:50:41,561 - INFO - Retrieving pending reports
2025-02-07 01:50:43,827 - INFO - Processing report ID 9 with site_id 1 and duration 7 Days
2025-02-07 01:51:44,809 - INFO - Retrieving pending reports
2025-02-07 01:51:47,082 - INFO - Processing report ID 9 with site_id 1 and duration 7 Days
2025-02-07 01:57:23,601 - INFO - Retrieving pending reports
2025-02-07 01:57:25,885 - INFO - Processing report ID 9 with site_id 1 and duration 7 Days
2025-02-07 01:59:56,292 - INFO - Retrieving pending reports
2025-02-07 01:59:58,636 - INFO - Processing report ID 9 with site_id 1 and duration 7 Days
2025-02-08 23:38:08,680 - INFO - Retrieving pending reports
2025-02-08 23:38:10,907 - INFO - Processing report ID 9 with site_id 1 and duration 7 Days
2025-02-08 23:45:31,231 - INFO - Retrieving pending reports
2025-02-08 23:45:33,490 - INFO - Processing report ID 9 with site_id 1 and duration 7 Days
2025-02-08 23:47:20,616 - INFO - Retrieving pending reports
2025-02-08 23:47:22,914 - INFO - Processing report ID 9 with site_id 1 and duration 7 Days
2025-02-08 23:47:54,686 - INFO - Retrieving pending reports
2025-02-08 23:47:56,949 - INFO - Processing report ID 9 with site_id 1 and duration 7 Days
2025-02-08 23:52:15,546 - INFO - Retrieving pending reports
2025-02-08 23:52:17,822 - INFO - Processing report ID 9 with site_id 1 and duration 7 Days
2025-02-08 23:57:50,154 - INFO - Retrieving pending reports
2025-02-08 23:57:52,446 - INFO - Processing report ID 9 with site_id 1 and duration 7 Days
2025-02-09 00:05:32,231 - INFO - Retrieving pending reports
2025-02-09 00:05:34,569 - INFO - Processing report ID 9 with site_id 1 and duration 7 Days
2025-02-09 00:08:26,684 - INFO - Retrieving pending reports
2025-02-09 00:08:28,942 - INFO - Processing report ID 9 with site_id 1 and duration 7 Days
2025-02-09 00:18:14,968 - INFO - Retrieving pending reports
2025-02-09 00:18:17,173 - INFO - Processing report ID 9 with site_id 1 and duration 7 Days
2025-02-09 00:26:59,430 - INFO - Retrieving pending reports
2025-02-09 00:27:01,711 - INFO - Processing report ID 9 with site_id 1 and duration 7 Days
2025-02-09 00:27:02,520 - ERROR - An error occurred while fetching pending reports: string indices must be integers
2025-02-09 00:28:14,430 - INFO - Retrieving pending reports
2025-02-09 00:28:16,677 - INFO - Processing report ID 9 with site_id 1 and duration 7 Days
2025-02-09 00:28:17,405 - ERROR - An error occurred while fetching pending reports: string indices must be integers
2025-02-09 00:29:30,787 - INFO - Retrieving pending reports
2025-02-09 00:29:33,043 - INFO - Processing report ID 9 with site_id 1 and duration 7 Days
2025-02-09 00:29:33,766 - ERROR - An error occurred while fetching pending reports: string indices must be integers
2025-02-09 00:32:00,250 - INFO - Retrieving pending reports
2025-02-09 00:32:02,528 - INFO - Processing report ID 9 with site_id 1 and duration 7 Days
2025-02-09 00:34:02,447 - INFO - Retrieving pending reports
2025-02-09 00:34:04,681 - INFO - Processing report ID 9 with site_id 1 and duration 7 Days
2025-02-09 00:34:50,297 - INFO - Retrieving pending reports
2025-02-09 00:34:52,614 - INFO - Processing report ID 9 with site_id 1 and duration 7 Days
2025-02-09 00:35:56,582 - INFO - Retrieving pending reports
2025-02-09 00:35:58,873 - INFO - Processing report ID 9 with site_id 1 and duration 7 Days
2025-02-09 00:35:59,912 - ERROR - An error occurred while fetching pending reports: [Errno 13] Permission denied: 'Creative_Energy_Report.pdf'
2025-02-09 00:36:04,530 - INFO - Retrieving pending reports
2025-02-09 00:36:06,828 - INFO - Processing report ID 9 with site_id 1 and duration 7 Days
2025-02-09 00:41:04,119 - INFO - Retrieving pending reports
2025-02-09 00:41:06,333 - INFO - Processing report ID 9 with site_id 1 and duration 7 Days
2025-02-09 00:42:14,354 - INFO - Retrieving pending reports
2025-02-09 00:42:16,622 - INFO - Processing report ID 9 with site_id 1 and duration 7 Days
2025-02-09 00:43:05,937 - INFO - Retrieving pending reports
2025-02-09 00:43:08,137 - INFO - Processing report ID 9 with site_id 1 and duration 7 Days
2025-02-09 00:44:47,969 - INFO - Retrieving pending reports
2025-02-09 00:44:50,182 - INFO - Processing report ID 9 with site_id 1 and duration 7 Days
2025-02-09 00:45:37,121 - INFO - Retrieving pending reports
2025-02-09 00:45:39,398 - INFO - Processing report ID 9 with site_id 1 and duration 7 Days
2025-02-09 00:47:45,092 - INFO - Retrieving pending reports
2025-02-09 00:47:47,408 - INFO - Processing report ID 9 with site_id 1 and duration 7 Days
2025-02-09 00:48:18,342 - INFO - Retrieving pending reports
2025-02-09 00:48:20,640 - INFO - Processing report ID 9 with site_id 1 and duration 7 Days
2025-02-09 00:57:01,884 - INFO - Retrieving pending reports
2025-02-09 00:57:04,153 - INFO - Processing report ID 9 with site_id 1 and duration 7 Days
2025-02-09 01:01:10,532 - INFO - Retrieving pending reports
2025-02-09 01:01:12,827 - INFO - Processing report ID 9 with site_id 1 and duration 7 Days
2025-02-09 01:01:13,537 - ERROR - An error occurred while fetching pending reports: 
paragraph text "<para><font color='red'>- 2025-01-30 00:00 with an EER of 0.00</para>" caused exception Parse error: saw </para> instead of expected </font>
2025-02-09 01:01:29,785 - INFO - Retrieving pending reports
2025-02-09 01:01:32,160 - INFO - Processing report ID 9 with site_id 1 and duration 7 Days
2025-02-09 01:01:32,897 - ERROR - An error occurred while fetching pending reports: 
paragraph text "<para><font color='#003366'>- 2025-01-30 00:00 with an EER of 0.00</para>" caused exception Parse error: saw </para> instead of expected </font>
2025-02-09 01:03:03,343 - INFO - Retrieving pending reports
2025-02-09 01:03:05,641 - INFO - Processing report ID 9 with site_id 1 and duration 7 Days
2025-02-09 01:03:06,354 - ERROR - An error occurred while fetching pending reports: 
paragraph text "<para><font color='red'>- 2025-01-30 00:00 with an EER of 0.00</para>" caused exception Parse error: saw </para> instead of expected </font>
2025-02-09 01:04:20,779 - INFO - Retrieving pending reports
2025-02-09 01:04:22,990 - INFO - Processing report ID 9 with site_id 1 and duration 7 Days
2025-02-09 01:08:50,753 - INFO - Retrieving pending reports
2025-02-09 01:08:53,049 - INFO - Processing report ID 9 with site_id 1 and duration 7 Days
2025-02-09 01:08:54,051 - ERROR - An error occurred while fetching pending reports: [Errno 13] Permission denied: 'saved_reports/Creative_Energy_Report4.pdf'
2025-02-09 01:09:07,935 - INFO - Retrieving pending reports
2025-02-09 01:09:10,138 - INFO - Processing report ID 9 with site_id 1 and duration 7 Days
2025-02-09 01:10:11,614 - INFO - Retrieving pending reports
2025-02-09 01:10:13,892 - INFO - Processing report ID 9 with site_id 1 and duration 7 Days
2025-02-09 01:27:40,417 - INFO - Retrieving pending reports
2025-02-09 01:27:42,678 - INFO - Processing report ID 9 with site_id 1 and duration 7 Days
2025-02-09 01:27:43,099 - ERROR - An error occurred while fetching pending reports: 
Image export using the "kaleido" engine requires the kaleido package,
which can be installed using pip:
    $ pip install -U kaleido

2025-02-09 01:28:28,161 - INFO - Retrieving pending reports
2025-02-09 01:28:30,580 - INFO - Processi
ng report ID 9 with site_id 1 and duration 7 Days
2025-02-10 12:42:57,036 - INFO - Retrieving pending reports
2025-02-10 12:47:15,655 - INFO - Retrieving pending reports
2025-02-10 12:47:18,498 - INFO - Processing report ID 9 with site_id 1 and duration 7 Days
2025-02-10 12:57:13,300 - INFO - Retrieving pending reports
2025-02-10 12:57:16,422 - INFO - Processing report ID 9 with site_id 1 and duration 7 Days
2025-02-10 15:04:23,120 - INFO - Retrieving pending reports
2025-02-10 15:04:23,121 - INFO - 'reports' directory already exists at: C:\Users\saman\PycharmProjects\DCS_backend_fastapi\FAST_BACKEND\reports
2025-02-10 15:04:25,415 - INFO - Processing report ID 9 with site_id 1 and duration 7 Days
2025-02-10 15:04:37,143 - INFO - total_pin_value 412786
2025-02-10 15:04:37,143 - INFO - consumption_percentages {'nuclear': 17, 'geothermal': 0, 'biomass': 0, 'coal': 0, 'wind': 0, 'solar': 5, 'hydro': 0, 'gas': 76, 'oil': 0, 'unknown': 0, 'battery_discharge': 0}
2025-02-10 15:04:46,039 - ERROR - An error occurred while fetching pending reports: 'SiteRepository' object has no attribute 'session_factory'
2025-02-10 15:05:35,439 - INFO - Retrieving pending reports
2025-02-10 15:05:35,440 - INFO - 'reports' directory already exists at: C:\Users\saman\PycharmProjects\DCS_backend_fastapi\FAST_BACKEND\reports
2025-02-10 15:05:37,721 - INFO - Processing report ID 9 with site_id 1 and duration 7 Days
2025-02-10 15:05:40,192 - ERROR - An error occurred while fetching pending reports: (pymysql.err.ProgrammingError) (1146, "Table 'DCS_DB.device_inventory' doesn't exist")
[SQL: SELECT device_inventory.id AS device_inventory_id, device_inventory.device_name AS device_inventory_device_name, `Devices`.ip_address AS ip_address, site.site_name AS site_site_name, device_inventory.hardware_version AS device_inventory_hardware_version, device_inventory.manufacturer AS device_inventory_manufacturer, device_inventory.pn_code AS device_inventory_pn_code, device_inventory.serial_number AS device_inventory_serial_number, device_inventory.software_version AS device_inventory_software_version, device_inventory.status AS device_inventory_status 
FROM device_inventory INNER JOIN `Devices` ON device_inventory.apic_controller_id = `Devices`.id INNER JOIN site ON device_inventory.site_id = site.id 
WHERE device_inventory.site_id = %(site_id_1)s]
[parameters: {'site_id_1': 1}]
(Background on this error at: https://sqlalche.me/e/20/f405)
2025-02-10 15:06:24,417 - INFO - Retrieving pending reports
2025-02-10 15:06:24,417 - INFO - 'reports' directory already exists at: C:\Users\saman\PycharmProjects\DCS_backend_fastapi\FAST_BACKEND\reports
2025-02-10 15:06:26,641 - INFO - Processing report ID 9 with site_id 1 and duration 7 Days
2025-02-10 15:06:29,057 - ERROR - An error occurred while fetching pending reports: 'InfluxdbRepository' object has no attribute 'determine_aggregate_window'
2025-02-10 15:09:13,940 - INFO - Retrieving pending reports
2025-02-10 15:09:13,941 - INFO - 'reports' directory already exists at: C:\Users\saman\PycharmProjects\DCS_backend_fastapi\FAST_BACKEND\reports
2025-02-10 15:09:16,189 - INFO - Processing report ID 9 with site_id 1 and duration 7 Days
2025-02-10 15:09:18,572 - ERROR - An error occurred while fetching pending reports: unsupported operand type(s) for /: 'NoneType' and 'int'
2025-02-10 15:09:37,169 - INFO - Retrieving pending reports
2025-02-10 15:09:37,169 - INFO - 'reports' directory already exists at: C:\Users\saman\PycharmProjects\DCS_backend_fastapi\FAST_BACKEND\reports
2025-02-10 15:09:39,467 - INFO - Processing report ID 9 with site_id 1 and duration 7 Days
2025-02-10 15:14:01,037 - INFO - Retrieving pending reports
2025-02-10 15:14:01,038 - INFO - 'reports' directory already exists at: C:\Users\saman\PycharmProjects\DCS_backend_fastapi\FAST_BACKEND\reports
2025-02-10 15:14:03,329 - INFO - Processing report ID 9 with site_id 1 and duration 7 Days
2025-02-10 15:14:14,023 - INFO - total_pin_value 412786
2025-02-10 15:14:14,023 - INFO - consumption_percentages {'nuclear': 17, 'geothermal': 0, 'biomass': 0, 'coal': 0, 'wind': 0, 'solar': 5, 'hydro': 0, 'gas': 76, 'oil': 0, 'unknown': 0, 'battery_discharge': 0}
2025-02-10 15:14:16,412 - ERROR - An error occurred while fetching pending reports: 'list' object has no attribute 'get'
2025-02-10 15:15:12,025 - INFO - Retrieving pending reports
2025-02-10 15:15:12,025 - INFO - 'reports' directory already exists at: C:\Users\saman\PycharmProjects\DCS_backend_fastapi\FAST_BACKEND\reports
2025-02-10 15:15:14,331 - INFO - Processing report ID 9 with site_id 1 and duration 7 Days
2025-02-10 15:15:25,381 - ERROR - An error occurred while fetching pending reports: name 'pie_data' is not defined
2025-02-10 15:15:45,806 - INFO - Retrieving pending reports
2025-02-10 15:15:45,806 - INFO - 'reports' directory already exists at: C:\Users\saman\PycharmProjects\DCS_backend_fastapi\FAST_BACKEND\reports
2025-02-10 15:15:48,122 - INFO - Processing report ID 9 with site_id 1 and duration 7 Days
2025-02-10 15:15:59,594 - ERROR - An error occurred while fetching pending reports: 'list' object has no attribute 'get'
2025-02-10 15:18:31,595 - INFO - Retrieving pending reports
2025-02-10 15:18:31,595 - INFO - 'reports' directory already exists at: C:\Users\saman\PycharmProjects\DCS_backend_fastapi\FAST_BACKEND\reports
2025-02-10 15:18:33,946 - INFO - Processing report ID 9 with site_id 1 and duration 7 Days
2025-02-10 15:18:46,126 - ERROR - An error occurred while fetching pending reports: [Errno 2] No such file or directory: '/reports\\report_9_7_Days.pdf'
2025-02-10 15:19:19,786 - INFO - Retrieving pending reports
2025-02-10 15:19:19,787 - INFO - 'reports' directory already exists at: C:\Users\saman\PycharmProjects\DCS_backend_fastapi\FAST_BACKEND\reports
2025-02-10 15:19:22,044 - INFO - Processing report ID 9 with site_id 1 and duration 7 Days
2025-02-10 15:19:34,751 - ERROR - An error occurred while fetching pending reports: [Errno 2] No such file or directory: 'reports\\report_9_7_Days.pdf'
2025-02-10 15:19:45,362 - INFO - Retrieving pending reports
2025-02-10 15:19:45,362 - INFO - 'reports' directory already exists at: C:\Users\saman\PycharmProjects\DCS_backend_fastapi\FAST_BACKEND\reports
2025-02-10 15:19:48,491 - INFO - Processing report ID 9 with site_id 1 and duration 7 Days
2025-02-10 15:20:36,918 - INFO - Retrieving pending reports
2025-02-10 15:20:36,919 - INFO - 'reports' directory already exists at: C:\Users\saman\PycharmProjects\DCS_backend_fastapi\FAST_BACKEND\reports
2025-02-10 15:21:56,935 - INFO - Retrieving pending reports
2025-02-10 15:21:56,935 - INFO - 'reports' directory already exists at: C:\Users\saman\PycharmProjects\DCS_backend_fastapi\FAST_BACKEND\reports
2025-02-10 15:22:14,548 - INFO - Retrieving pending reports
2025-02-10 15:22:14,548 - INFO - 'reports' directory already exists at: C:\Users\saman\PycharmProjects\DCS_backend_fastapi\FAST_BACKEND\reports
2025-02-10 15:22:16,773 - INFO - Processing report ID 9 with site_id 1 and duration 7 Days
2025-02-10 15:26:52,559 - INFO - Retrieving pending reports
2025-02-10 15:26:52,559 - INFO - 'reports' directory already exists at: C:\Users\saman\PycharmProjects\DCS_backend_fastapi\FAST_BACKEND\reports
2025-02-10 15:26:54,980 - INFO - Processing report ID 9 with site_id 1 and duration 7 Days
2025-02-10 15:27:09,223 - ERROR - An error occurred while fetching pending reports: [Errno 13] Permission denied: 'C:\\Users\\saman\\PycharmProjects\\DCS_backend_fastapi\\FAST_BACKEND\\reports\\report_9_7_Days.pdf'
2025-02-10 15:27:33,060 - INFO - Retrieving pending reports
2025-02-10 15:27:33,060 - INFO - 'reports' directory already exists at: C:\Users\saman\PycharmProjects\DCS_backend_fastapi\FAST_BACKEND\reports
2025-02-10 15:27:37,280 - INFO - Processing report ID 9 with site_id 1 and duration 7 Days
2025-02-10 15:27:54,271 - INFO - Report ID 9 saved successfully at 'report_9_7_Days.pdf'
